# JRE version: OpenJDK Runtime Environment (11.0.12+7) (build 11.0.12+7-b1504.28-7817840)
# Java VM: OpenJDK 64-Bit Server VM (11.0.12+7-b1504.28-7817840, mixed mode, tiered, compressed oops, g1 gc, windows-amd64)
Heap:
 garbage-first heap   total 514048K, used 70340K [0x000000060b200000, 0x0000000800000000)
  region size 2048K, 28 young (57344K), 4 survivors (8192K)
 Metaspace       used 46290K, capacity 46773K, committed 47024K, reserved 1091584K
  class space    used 5564K, capacity 5776K, committed 5808K, reserved 1048576K
GC Heap History (8 events):
Event: 0.320 GC heap before
{Heap before GC invocations=0 (full 0):
 garbage-first heap   total 514048K, used 26624K [0x000000060b200000, 0x0000000800000000)
  region size 2048K, 12 young (24576K), 0 survivors (0K)
 Metaspace       used 11811K, capacity 11858K, committed 12160K, reserved 1060864K
  class space    used 1066K, capacity 1077K, committed 1152K, reserved 1048576K
}
Event: 0.322 GC heap after
{Heap after GC invocations=1 (full 0):
 garbage-first heap   total 514048K, used 7158K [0x000000060b200000, 0x0000000800000000)
  region size 2048K, 2 young (4096K), 2 survivors (4096K)
 Metaspace       used 11811K, capacity 11858K, committed 12160K, reserved 1060864K
  class space    used 1066K, capacity 1077K, committed 1152K, reserved 1048576K
}
Event: 0.689 GC heap before
{Heap before GC invocations=1 (full 0):
 garbage-first heap   total 514048K, used 44022K [0x000000060b200000, 0x0000000800000000)
  region size 2048K, 21 young (43008K), 2 survivors (4096K)
 Metaspace       used 20963K, capacity 21201K, committed 21296K, reserved 1069056K
  class space    used 2227K, capacity 2307K, committed 2352K, reserved 1048576K
}
Event: 0.693 GC heap after
{Heap after GC invocations=2 (full 0):
 garbage-first heap   total 514048K, used 10885K [0x000000060b200000, 0x0000000800000000)
  region size 2048K, 4 young (8192K), 4 survivors (8192K)
 Metaspace       used 20963K, capacity 21201K, committed 21296K, reserved 1069056K
  class space    used 2227K, capacity 2307K, committed 2352K, reserved 1048576K
}
Event: 1.183 GC heap before
{Heap before GC invocations=3 (full 0):
 garbage-first heap   total 514048K, used 70277K [0x000000060b200000, 0x0000000800000000)
  region size 2048K, 30 young (61440K), 4 survivors (8192K)
 Metaspace       used 33314K, capacity 33728K, committed 33840K, reserved 1079296K
  class space    used 4180K, capacity 4371K, committed 4400K, reserved 1048576K
}
Event: 1.188 GC heap after
{Heap after GC invocations=4 (full 0):
 garbage-first heap   total 514048K, used 22887K [0x000000060b200000, 0x0000000800000000)
  region size 2048K, 4 young (8192K), 4 survivors (8192K)
 Metaspace       used 33314K, capacity 33728K, committed 33840K, reserved 1079296K
  class space    used 4180K, capacity 4371K, committed 4400K, reserved 1048576K
}
Event: 1.287 GC heap before
{Heap before GC invocations=4 (full 0):
 garbage-first heap   total 514048K, used 33127K [0x000000060b200000, 0x0000000800000000)
  region size 2048K, 10 young (20480K), 4 survivors (8192K)
 Metaspace       used 35413K, capacity 35819K, committed 35888K, reserved 1081344K
  class space    used 4402K, capacity 4599K, committed 4656K, reserved 1048576K
}
Event: 1.290 GC heap after
{Heap after GC invocations=5 (full 0):
 garbage-first heap   total 514048K, used 23236K [0x000000060b200000, 0x0000000800000000)
  region size 2048K, 4 young (8192K), 4 survivors (8192K)
 Metaspace       used 35413K, capacity 35819K, committed 35888K, reserved 1081344K
  class space    used 4402K, capacity 4599K, committed 4656K, reserved 1048576K
}

